<?xml version="1.0" encoding="UTF-8"?>
<testng-results ignored="0" total="1" passed="1" failed="0" skipped="0">
  <reporter-output>
  </reporter-output>
  <suite started-at="2022-04-21T18:10:22 IST" name="Default suite" finished-at="2022-04-21T18:10:25 IST" duration-ms="3852">
    <groups>
    </groups>
    <test started-at="2022-04-21T18:10:22 IST" name="Default test" finished-at="2022-04-21T18:10:25 IST" duration-ms="3852">
      <class name="Authentication.Oauth2_0">
        <test-method signature="oauthAuthentication()[pri:0, instance:Authentication.Oauth2_0@1a4013]" started-at="2022-04-21T18:10:22 IST" name="oauthAuthentication" finished-at="2022-04-21T18:10:25 IST" duration-ms="3810" status="PASS">
          <reporter-output>
          </reporter-output>
        </test-method> <!-- oauthAuthentication -->
      </class> <!-- Authentication.Oauth2_0 -->
    </test> <!-- Default test -->
  </suite> <!-- Default suite -->
</testng-results>
